0 info it worked if it ends with ok
1 verbose cli [ 'C:\\Program Files\\nodejs\\node.exe',
1 verbose cli   'C:\\Program Files\\nodejs\\node_modules\\npm\\bin\\npm-cli.js',
1 verbose cli   'install',
1 verbose cli   'rimraf',
1 verbose cli   '-r' ]
2 warn invalid config registry=true
3 warn invalid config Must be a full url with 'http://'
4 info using npm@3.10.10
5 info using node@v6.12.3
6 silly loadCurrentTree Starting
7 silly install loadCurrentTree
8 silly install readLocalPackageData
9 silly rollbackFailedOptional Starting
10 silly rollbackFailedOptional Finishing
11 silly runTopLevelLifecycles Finishing
12 silly install printInstalled
13 verbose stack Error: Failed to parse json
13 verbose stack Unexpected token ' ' at 11:27
13 verbose stack       "watch-browsersync": "npm-run-all build -p watch:browsersync"
13 verbose stack                           ^
13 verbose stack     at parseError (C:\Program Files\nodejs\node_modules\npm\node_modules\read-package-json\read-json.js:390:11)
13 verbose stack     at parseJson (C:\Program Files\nodejs\node_modules\npm\node_modules\read-package-json\read-json.js:79:23)
13 verbose stack     at C:\Program Files\nodejs\node_modules\npm\node_modules\read-package-json\read-json.js:48:5
13 verbose stack     at C:\Program Files\nodejs\node_modules\npm\node_modules\graceful-fs\graceful-fs.js:78:16
13 verbose stack     at tryToString (fs.js:457:3)
13 verbose stack     at FSReqWrap.readFileAfterClose [as oncomplete] (fs.js:444:12)
14 verbose cwd G:\kodilla\learning-git-3
15 error Windows_NT 10.0.16299
16 error argv "C:\\Program Files\\nodejs\\node.exe" "C:\\Program Files\\nodejs\\node_modules\\npm\\bin\\npm-cli.js" "install" "rimraf" "-r"
17 error node v6.12.3
18 error npm  v3.10.10
19 error file G:\kodilla\learning-git-3\package.json
20 error code EJSONPARSE
21 error Failed to parse json
21 error Unexpected token ' ' at 11:27
21 error       "watch-browsersync": "npm-run-all build -p watch:browsersync"
21 error                           ^
22 error File: G:\kodilla\learning-git-3\package.json
23 error Failed to parse package.json data.
23 error package.json must be actual JSON, not just JavaScript.
23 error
23 error This is not a bug in npm.
23 error Tell the package author to fix their package.json file. JSON.parse
24 verbose exit [ 1, true ]
